<?xml version="1.0" encoding="UTF-8"?>
<!-- Generated by org.testng.reporters.JUnitReportReporter -->
<testsuite hostname="DESKTOP-P60NR2S" failures="0" tests="1" name="Larner.Login" time="36.968" errors="0" timestamp="2023-11-10T21:38:32 BDT" skipped="0">
  <testcase classname="Larner.Login" name="Logintest" time="36.968"/>
</testsuite> <!-- Larner.Login -->
