<?xml version="1.0" encoding="UTF-8"?>
<!-- Generated by org.testng.reporters.JUnitReportReporter -->
<testsuite hostname="DESKTOP-P60NR2S" failures="0" tests="1" name="Larner.Forget_password" time="18.584" errors="0" timestamp="2023-11-10T21:38:32 BDT" skipped="0">
  <testcase classname="Larner.Forget_password" name="Forget_password_otp" time="18.584"/>
</testsuite> <!-- Larner.Forget_password -->
