<?xml version="1.0" encoding="UTF-8"?>
<!-- Generated by org.testng.reporters.JUnitReportReporter -->
<testsuite hostname="DESKTOP-P60NR2S" failures="0" tests="2" name="Larner.Registration" time="32.215" errors="0" timestamp="2023-11-10T21:38:32 BDT" skipped="0">
  <testcase classname="Larner.Registration" name="learner_registration_mobile" time="22.660"/>
  <testcase classname="Larner.Registration" name="learner_registration_email" time="9.555"/>
</testsuite> <!-- Larner.Registration -->
